                      :-) GROMACS - gmx mdrun, 2019.6 (-:

                            GROMACS is written by:
     Emile Apol      Rossen Apostolov      Paul Bauer     Herman J.C. Berendsen
    Par Bjelkmar      Christian Blau   Viacheslav Bolnykh     Kevin Boyd    
 Aldert van Buuren   Rudi van Drunen     Anton Feenstra       Alan Gray     
  Gerrit Groenhof     Anca Hamuraru    Vincent Hindriksen  M. Eric Irrgang  
  Aleksei Iupinov   Christoph Junghans     Joe Jordan     Dimitrios Karkoulis
    Peter Kasson        Jiri Kraus      Carsten Kutzner      Per Larsson    
  Justin A. Lemkul    Viveca Lindahl    Magnus Lundborg     Erik Marklund   
    Pascal Merz     Pieter Meulenhoff    Teemu Murtola       Szilard Pall   
    Sander Pronk      Roland Schulz      Michael Shirts    Alexey Shvetsov  
   Alfons Sijbers     Peter Tieleman      Jon Vincent      Teemu Virolainen 
 Christian Wennberg    Maarten Wolf   
                           and the project leaders:
        Mark Abraham, Berk Hess, Erik Lindahl, and David van der Spoel

Copyright (c) 1991-2000, University of Groningen, The Netherlands.
Copyright (c) 2001-2018, The GROMACS development team at
Uppsala University, Stockholm University and
the Royal Institute of Technology, Sweden.
check out http://www.gromacs.org for more information.

GROMACS is free software; you can redistribute it and/or modify it
under the terms of the GNU Lesser General Public License
as published by the Free Software Foundation; either version 2.1
of the License, or (at your option) any later version.

GROMACS:      gmx mdrun, version 2019.6
Executable:   /scratch/work/courses/CHEM-GA-2671-2022fa/software/gromacs-2019.6-plumedSept2020/bin/gmx_mpi
Data prefix:  /scratch/work/courses/CHEM-GA-2671-2022fa/software/gromacs-2019.6-plumedSept2020
Working dir:  /scratch/work/courses/CHEM-GA-2671-2023fa/students/xz3067/comp-lab-class-2023/Week6/Date/Pl/A
Command line:
  gmx_mpi mdrun -s ../../../Inputs/topolA.tpr -nsteps 10000000

Reading file ../../../Inputs/topolA.tpr, VERSION 4.6.7 (single precision)
Note: file tpx version 83, software tpx version 116
Overriding nsteps with value passed on the command line: 10000000 steps, 2e+04 ps

Using 1 MPI process


Non-default thread affinity set probably by the OpenMP library,
disabling internal thread affinity

NOTE: This file uses the deprecated 'group' cutoff_scheme. This will be
removed in a future release when 'verlet' supports all interaction forms.

starting mdrun 'alanine dipeptide in vacuum'
10000000 steps,  20000.0 ps.

Writing final coordinates.

               Core t (s)   Wall t (s)        (%)
       Time:      157.433      157.433      100.0
                 (ns/day)    (hour/ns)
Performance:    10976.121        0.002

GROMACS reminds you: "You got one part of that wrong. This is not meth." (Breaking Bad)

                      :-) GROMACS - gmx mdrun, 2019.6 (-:

                            GROMACS is written by:
     Emile Apol      Rossen Apostolov      Paul Bauer     Herman J.C. Berendsen
    Par Bjelkmar      Christian Blau   Viacheslav Bolnykh     Kevin Boyd    
 Aldert van Buuren   Rudi van Drunen     Anton Feenstra       Alan Gray     
  Gerrit Groenhof     Anca Hamuraru    Vincent Hindriksen  M. Eric Irrgang  
  Aleksei Iupinov   Christoph Junghans     Joe Jordan     Dimitrios Karkoulis
    Peter Kasson        Jiri Kraus      Carsten Kutzner      Per Larsson    
  Justin A. Lemkul    Viveca Lindahl    Magnus Lundborg     Erik Marklund   
    Pascal Merz     Pieter Meulenhoff    Teemu Murtola       Szilard Pall   
    Sander Pronk      Roland Schulz      Michael Shirts    Alexey Shvetsov  
   Alfons Sijbers     Peter Tieleman      Jon Vincent      Teemu Virolainen 
 Christian Wennberg    Maarten Wolf   
                           and the project leaders:
        Mark Abraham, Berk Hess, Erik Lindahl, and David van der Spoel

Copyright (c) 1991-2000, University of Groningen, The Netherlands.
Copyright (c) 2001-2018, The GROMACS development team at
Uppsala University, Stockholm University and
the Royal Institute of Technology, Sweden.
check out http://www.gromacs.org for more information.

GROMACS is free software; you can redistribute it and/or modify it
under the terms of the GNU Lesser General Public License
as published by the Free Software Foundation; either version 2.1
of the License, or (at your option) any later version.

GROMACS:      gmx mdrun, version 2019.6
Executable:   /scratch/work/courses/CHEM-GA-2671-2022fa/software/gromacs-2019.6-plumedSept2020/bin/gmx_mpi
Data prefix:  /scratch/work/courses/CHEM-GA-2671-2022fa/software/gromacs-2019.6-plumedSept2020
Working dir:  /scratch/work/courses/CHEM-GA-2671-2023fa/students/xz3067/comp-lab-class-2023/Week6/Date/Pl/B
Command line:
  gmx_mpi mdrun -s ../../../Inputs/topolB.tpr -nsteps 10000000

Reading file ../../../Inputs/topolB.tpr, VERSION 4.6.7 (single precision)
Note: file tpx version 83, software tpx version 116
Overriding nsteps with value passed on the command line: 10000000 steps, 2e+04 ps

Using 1 MPI process


Non-default thread affinity set probably by the OpenMP library,
disabling internal thread affinity

NOTE: This file uses the deprecated 'group' cutoff_scheme. This will be
removed in a future release when 'verlet' supports all interaction forms.

starting mdrun 'alanine dipeptide in vacuum'
10000000 steps,  20000.0 ps.

Writing final coordinates.

               Core t (s)   Wall t (s)        (%)
       Time:      156.058      156.058      100.0
                 (ns/day)    (hour/ns)
Performance:    11072.803        0.002

GROMACS reminds you: "Unfortunately, "simulation" has become increasingly misused to mean nothing more than "calculation"" (Bill Jorgensen)

